<?xml version="1.0" encoding="UTF-8"?>
<testsuite xmlns:xsi="http://www.w3.org/2001/XMLSchema-instance" xsi:noNamespaceSchemaLocation="https://maven.apache.org/surefire/maven-surefire-plugin/xsd/surefire-test-report-3.0.xsd" version="3.0" name="com.Vitality.Vitality.VitalityApplicationTests" time="6.299" tests="1" errors="0" skipped="0" failures="0">
  <properties>
[...]
</properties>
  <testcase name="contextLoads" classname="com.Vitality.Vitality.VitalityApplicationTests" time="1.877">
    <system-out><![CDATA[22:26:41.788 [main] INFO org.springframework.test.context.support.AnnotationConfigContextLoaderUtils -- Could not detect default configuration classes for test class [com.Vitality.Vitality.VitalityApplicationTests]: VitalityApplicationTests does not declare any static, non-private, non-final, nested classes annotated with @Configuration.
22:26:41.951 [main] INFO org.springframework.boot.test.context.SpringBootTestContextBootstrapper -- Found @SpringBootConfiguration com.Vitality.Vitality.VitalityApplication for test class com.Vitality.Vitality.VitalityApplicationTests
22:26:42.249 [main] INFO org.springframework.boot.devtools.restart.RestartApplicationListener -- Restart disabled due to context in which it is running
  .   ____          _            __ _ _
 /\\ / ___'_ __ _ _(_)_ __  __ _ \ \ \ \
( ( )\___ | '_ | '_| | '_ \/ _` | \ \ \ \
 \\/  ___)| |_)| | | | | || (_| |  ) ) ) )
  '  |____| .__|_| |_|_| |_\__, | / / / /
 =========|_|==============|___/=/_/_/_/

 :: Spring Boot ::                (v3.3.0)

2024-05-30T22:26:42.799+05:30  INFO 3952 --- [Vitality] [           main] c.V.Vitality.VitalityApplicationTests    : Starting VitalityApplicationTests using Java 17.0.11 with PID 3952 (started by chand in D:\EazyByts\wk3 -final-proj\Vitality)
2024-05-30T22:26:42.801+05:30  INFO 3952 --- [Vitality] [           main] c.V.Vitality.VitalityApplicationTests    : No active profile set, falling back to 1 default profile: "default"
2024-05-30T22:26:44.799+05:30  INFO 3952 --- [Vitality] [           main] r$InitializeUserDetailsManagerConfigurer : Global AuthenticationManager configured with UserDetailsService bean with name users
2024-05-30T22:26:44.951+05:30  INFO 3952 --- [Vitality] [           main] o.s.b.a.w.s.WelcomePageHandlerMapping    : Adding welcome page template: index
2024-05-30T22:26:45.391+05:30  INFO 3952 --- [Vitality] [           main] o.s.s.web.DefaultSecurityFilterChain     : Will secure any request with [org.springframework.security.web.session.DisableEncodeUrlFilter@6b6eae52, org.springframework.security.web.context.request.async.WebAsyncManagerIntegrationFilter@d4df0e, org.springframework.security.web.context.SecurityContextHolderFilter@68f6e55d, org.springframework.security.web.header.HeaderWriterFilter@650c405c, org.springframework.web.filter.CorsFilter@7ae0cc89, org.springframework.security.web.csrf.CsrfFilter@73aeef7d, org.springframework.security.web.authentication.logout.LogoutFilter@4cb702ce, org.springframework.security.web.authentication.UsernamePasswordAuthenticationFilter@53c99b09, org.springframework.security.web.savedrequest.RequestCacheAwareFilter@1835dc92, org.springframework.security.web.servletapi.SecurityContextHolderAwareRequestFilter@65a9ea3c, org.springframework.security.web.authentication.AnonymousAuthenticationFilter@de7e193, org.springframework.security.web.access.ExceptionTranslationFilter@76544c0a, org.springframework.security.web.access.intercept.FilterSecurityInterceptor@1d858300]
2024-05-30T22:26:45.929+05:30  INFO 3952 --- [Vitality] [           main] c.V.Vitality.VitalityApplicationTests    : Started VitalityApplicationTests in 3.707 seconds (process running for 5.481)
]]></system-out>
  </testcase>
</testsuite>